/home/vagrant/go/src/github.com/SRI-CSL/gllvm/examples/thttpd/thttpd-2.27
clang
-O
-DHAVE__PROGNAME=1
-DHAVE_FCNTL_H=1
-DHAVE_GRP_H=1
-DHAVE_MEMORY_H=1
-DHAVE_PATHS_H=1
-DHAVE_POLL_H=1
-DHAVE_SYS_POLL_H=1
-DTIME_WITH_SYS_TIME=1
-DHAVE_DIRENT_H=1
-DHAVE_LIBCRYPT=1
-DHAVE_STRERROR=1
-DHAVE_WAITPID=1
-DHAVE_VSNPRINTF=1
-DHAVE_DAEMON=1
-DHAVE_SETSID=1
-DHAVE_GETADDRINFO=1
-DHAVE_GETNAMEINFO=1
-DHAVE_GAI_STRERROR=1
-DHAVE_SIGSET=1
-DHAVE_ATOLL=1
-DHAVE_UNISTD_H=1
-DHAVE_GETPAGESIZE=1
-DHAVE_MMAP=1
-DHAVE_SELECT=1
-DHAVE_POLL=1
-DHAVE_TM_GMTOFF=1
-DHAVE_INT64T=1
-DHAVE_SOCKLENT=1
-I.
-c
thttpd.c

/home/vagrant/go/src/github.com/SRI-CSL/gllvm/examples/thttpd/thttpd-2.27
clang
-O
-DHAVE__PROGNAME=1
-DHAVE_FCNTL_H=1
-DHAVE_GRP_H=1
-DHAVE_MEMORY_H=1
-DHAVE_PATHS_H=1
-DHAVE_POLL_H=1
-DHAVE_SYS_POLL_H=1
-DTIME_WITH_SYS_TIME=1
-DHAVE_DIRENT_H=1
-DHAVE_LIBCRYPT=1
-DHAVE_STRERROR=1
-DHAVE_WAITPID=1
-DHAVE_VSNPRINTF=1
-DHAVE_DAEMON=1
-DHAVE_SETSID=1
-DHAVE_GETADDRINFO=1
-DHAVE_GETNAMEINFO=1
-DHAVE_GAI_STRERROR=1
-DHAVE_SIGSET=1
-DHAVE_ATOLL=1
-DHAVE_UNISTD_H=1
-DHAVE_GETPAGESIZE=1
-DHAVE_MMAP=1
-DHAVE_SELECT=1
-DHAVE_POLL=1
-DHAVE_TM_GMTOFF=1
-DHAVE_INT64T=1
-DHAVE_SOCKLENT=1
-I.
-c
libhttpd.c

/home/vagrant/go/src/github.com/SRI-CSL/gllvm/examples/thttpd/thttpd-2.27
clang
-O
-DHAVE__PROGNAME=1
-DHAVE_FCNTL_H=1
-DHAVE_GRP_H=1
-DHAVE_MEMORY_H=1
-DHAVE_PATHS_H=1
-DHAVE_POLL_H=1
-DHAVE_SYS_POLL_H=1
-DTIME_WITH_SYS_TIME=1
-DHAVE_DIRENT_H=1
-DHAVE_LIBCRYPT=1
-DHAVE_STRERROR=1
-DHAVE_WAITPID=1
-DHAVE_VSNPRINTF=1
-DHAVE_DAEMON=1
-DHAVE_SETSID=1
-DHAVE_GETADDRINFO=1
-DHAVE_GETNAMEINFO=1
-DHAVE_GAI_STRERROR=1
-DHAVE_SIGSET=1
-DHAVE_ATOLL=1
-DHAVE_UNISTD_H=1
-DHAVE_GETPAGESIZE=1
-DHAVE_MMAP=1
-DHAVE_SELECT=1
-DHAVE_POLL=1
-DHAVE_TM_GMTOFF=1
-DHAVE_INT64T=1
-DHAVE_SOCKLENT=1
-I.
-c
fdwatch.c

/home/vagrant/go/src/github.com/SRI-CSL/gllvm/examples/thttpd/thttpd-2.27
clang
-O
-DHAVE__PROGNAME=1
-DHAVE_FCNTL_H=1
-DHAVE_GRP_H=1
-DHAVE_MEMORY_H=1
-DHAVE_PATHS_H=1
-DHAVE_POLL_H=1
-DHAVE_SYS_POLL_H=1
-DTIME_WITH_SYS_TIME=1
-DHAVE_DIRENT_H=1
-DHAVE_LIBCRYPT=1
-DHAVE_STRERROR=1
-DHAVE_WAITPID=1
-DHAVE_VSNPRINTF=1
-DHAVE_DAEMON=1
-DHAVE_SETSID=1
-DHAVE_GETADDRINFO=1
-DHAVE_GETNAMEINFO=1
-DHAVE_GAI_STRERROR=1
-DHAVE_SIGSET=1
-DHAVE_ATOLL=1
-DHAVE_UNISTD_H=1
-DHAVE_GETPAGESIZE=1
-DHAVE_MMAP=1
-DHAVE_SELECT=1
-DHAVE_POLL=1
-DHAVE_TM_GMTOFF=1
-DHAVE_INT64T=1
-DHAVE_SOCKLENT=1
-I.
-c
mmc.c

/home/vagrant/go/src/github.com/SRI-CSL/gllvm/examples/thttpd/thttpd-2.27
clang
-O
-DHAVE__PROGNAME=1
-DHAVE_FCNTL_H=1
-DHAVE_GRP_H=1
-DHAVE_MEMORY_H=1
-DHAVE_PATHS_H=1
-DHAVE_POLL_H=1
-DHAVE_SYS_POLL_H=1
-DTIME_WITH_SYS_TIME=1
-DHAVE_DIRENT_H=1
-DHAVE_LIBCRYPT=1
-DHAVE_STRERROR=1
-DHAVE_WAITPID=1
-DHAVE_VSNPRINTF=1
-DHAVE_DAEMON=1
-DHAVE_SETSID=1
-DHAVE_GETADDRINFO=1
-DHAVE_GETNAMEINFO=1
-DHAVE_GAI_STRERROR=1
-DHAVE_SIGSET=1
-DHAVE_ATOLL=1
-DHAVE_UNISTD_H=1
-DHAVE_GETPAGESIZE=1
-DHAVE_MMAP=1
-DHAVE_SELECT=1
-DHAVE_POLL=1
-DHAVE_TM_GMTOFF=1
-DHAVE_INT64T=1
-DHAVE_SOCKLENT=1
-I.
-c
timers.c

/home/vagrant/go/src/github.com/SRI-CSL/gllvm/examples/thttpd/thttpd-2.27
clang
-O
-DHAVE__PROGNAME=1
-DHAVE_FCNTL_H=1
-DHAVE_GRP_H=1
-DHAVE_MEMORY_H=1
-DHAVE_PATHS_H=1
-DHAVE_POLL_H=1
-DHAVE_SYS_POLL_H=1
-DTIME_WITH_SYS_TIME=1
-DHAVE_DIRENT_H=1
-DHAVE_LIBCRYPT=1
-DHAVE_STRERROR=1
-DHAVE_WAITPID=1
-DHAVE_VSNPRINTF=1
-DHAVE_DAEMON=1
-DHAVE_SETSID=1
-DHAVE_GETADDRINFO=1
-DHAVE_GETNAMEINFO=1
-DHAVE_GAI_STRERROR=1
-DHAVE_SIGSET=1
-DHAVE_ATOLL=1
-DHAVE_UNISTD_H=1
-DHAVE_GETPAGESIZE=1
-DHAVE_MMAP=1
-DHAVE_SELECT=1
-DHAVE_POLL=1
-DHAVE_TM_GMTOFF=1
-DHAVE_INT64T=1
-DHAVE_SOCKLENT=1
-I.
-c
match.c

/home/vagrant/go/src/github.com/SRI-CSL/gllvm/examples/thttpd/thttpd-2.27
clang
-O
-DHAVE__PROGNAME=1
-DHAVE_FCNTL_H=1
-DHAVE_GRP_H=1
-DHAVE_MEMORY_H=1
-DHAVE_PATHS_H=1
-DHAVE_POLL_H=1
-DHAVE_SYS_POLL_H=1
-DTIME_WITH_SYS_TIME=1
-DHAVE_DIRENT_H=1
-DHAVE_LIBCRYPT=1
-DHAVE_STRERROR=1
-DHAVE_WAITPID=1
-DHAVE_VSNPRINTF=1
-DHAVE_DAEMON=1
-DHAVE_SETSID=1
-DHAVE_GETADDRINFO=1
-DHAVE_GETNAMEINFO=1
-DHAVE_GAI_STRERROR=1
-DHAVE_SIGSET=1
-DHAVE_ATOLL=1
-DHAVE_UNISTD_H=1
-DHAVE_GETPAGESIZE=1
-DHAVE_MMAP=1
-DHAVE_SELECT=1
-DHAVE_POLL=1
-DHAVE_TM_GMTOFF=1
-DHAVE_INT64T=1
-DHAVE_SOCKLENT=1
-I.
-c
tdate_parse.c

/home/vagrant/go/src/github.com/SRI-CSL/gllvm/examples/thttpd/thttpd-2.27
clang
-O
-DHAVE__PROGNAME=1
-DHAVE_FCNTL_H=1
-DHAVE_GRP_H=1
-DHAVE_MEMORY_H=1
-DHAVE_PATHS_H=1
-DHAVE_POLL_H=1
-DHAVE_SYS_POLL_H=1
-DTIME_WITH_SYS_TIME=1
-DHAVE_DIRENT_H=1
-DHAVE_LIBCRYPT=1
-DHAVE_STRERROR=1
-DHAVE_WAITPID=1
-DHAVE_VSNPRINTF=1
-DHAVE_DAEMON=1
-DHAVE_SETSID=1
-DHAVE_GETADDRINFO=1
-DHAVE_GETNAMEINFO=1
-DHAVE_GAI_STRERROR=1
-DHAVE_SIGSET=1
-DHAVE_ATOLL=1
-DHAVE_UNISTD_H=1
-DHAVE_GETPAGESIZE=1
-DHAVE_MMAP=1
-DHAVE_SELECT=1
-DHAVE_POLL=1
-DHAVE_TM_GMTOFF=1
-DHAVE_INT64T=1
-DHAVE_SOCKLENT=1
-I.
-o
thttpd
thttpd.o
libhttpd.o
fdwatch.o
mmc.o
timers.o
match.o
tdate_parse.o
-lcrypt

/home/vagrant/go/src/github.com/SRI-CSL/gllvm/examples/thttpd/thttpd-2.27/cgi-src
clang
-O
-DHAVE__PROGNAME=1
-DHAVE_FCNTL_H=1
-DHAVE_GRP_H=1
-DHAVE_MEMORY_H=1
-DHAVE_PATHS_H=1
-DHAVE_POLL_H=1
-DHAVE_SYS_POLL_H=1
-DTIME_WITH_SYS_TIME=1
-DHAVE_DIRENT_H=1
-DHAVE_LIBCRYPT=1
-DHAVE_STRERROR=1
-DHAVE_WAITPID=1
-DHAVE_VSNPRINTF=1
-DHAVE_DAEMON=1
-DHAVE_SETSID=1
-DHAVE_GETADDRINFO=1
-DHAVE_GETNAMEINFO=1
-DHAVE_GAI_STRERROR=1
-DHAVE_SIGSET=1
-DHAVE_ATOLL=1
-DHAVE_UNISTD_H=1
-DHAVE_GETPAGESIZE=1
-DHAVE_MMAP=1
-DHAVE_SELECT=1
-DHAVE_POLL=1
-DHAVE_TM_GMTOFF=1
-DHAVE_INT64T=1
-DHAVE_SOCKLENT=1
-I..
-c
redirect.c

/home/vagrant/go/src/github.com/SRI-CSL/gllvm/examples/thttpd/thttpd-2.27/cgi-src
clang
redirect.o
-lcrypt
-o
redirect

/home/vagrant/go/src/github.com/SRI-CSL/gllvm/examples/thttpd/thttpd-2.27/cgi-src
clang
-O
-DHAVE__PROGNAME=1
-DHAVE_FCNTL_H=1
-DHAVE_GRP_H=1
-DHAVE_MEMORY_H=1
-DHAVE_PATHS_H=1
-DHAVE_POLL_H=1
-DHAVE_SYS_POLL_H=1
-DTIME_WITH_SYS_TIME=1
-DHAVE_DIRENT_H=1
-DHAVE_LIBCRYPT=1
-DHAVE_STRERROR=1
-DHAVE_WAITPID=1
-DHAVE_VSNPRINTF=1
-DHAVE_DAEMON=1
-DHAVE_SETSID=1
-DHAVE_GETADDRINFO=1
-DHAVE_GETNAMEINFO=1
-DHAVE_GAI_STRERROR=1
-DHAVE_SIGSET=1
-DHAVE_ATOLL=1
-DHAVE_UNISTD_H=1
-DHAVE_GETPAGESIZE=1
-DHAVE_MMAP=1
-DHAVE_SELECT=1
-DHAVE_POLL=1
-DHAVE_TM_GMTOFF=1
-DHAVE_INT64T=1
-DHAVE_SOCKLENT=1
-I..
-c
ssi.c

/home/vagrant/go/src/github.com/SRI-CSL/gllvm/examples/thttpd/thttpd-2.27/cgi-src
clang
ssi.o
../match.o
-lcrypt
-o
ssi

/home/vagrant/go/src/github.com/SRI-CSL/gllvm/examples/thttpd/thttpd-2.27/cgi-src
clang
-O
-DHAVE__PROGNAME=1
-DHAVE_FCNTL_H=1
-DHAVE_GRP_H=1
-DHAVE_MEMORY_H=1
-DHAVE_PATHS_H=1
-DHAVE_POLL_H=1
-DHAVE_SYS_POLL_H=1
-DTIME_WITH_SYS_TIME=1
-DHAVE_DIRENT_H=1
-DHAVE_LIBCRYPT=1
-DHAVE_STRERROR=1
-DHAVE_WAITPID=1
-DHAVE_VSNPRINTF=1
-DHAVE_DAEMON=1
-DHAVE_SETSID=1
-DHAVE_GETADDRINFO=1
-DHAVE_GETNAMEINFO=1
-DHAVE_GAI_STRERROR=1
-DHAVE_SIGSET=1
-DHAVE_ATOLL=1
-DHAVE_UNISTD_H=1
-DHAVE_GETPAGESIZE=1
-DHAVE_MMAP=1
-DHAVE_SELECT=1
-DHAVE_POLL=1
-DHAVE_TM_GMTOFF=1
-DHAVE_INT64T=1
-DHAVE_SOCKLENT=1
-I..
-c
phf.c

/home/vagrant/go/src/github.com/SRI-CSL/gllvm/examples/thttpd/thttpd-2.27/cgi-src
clang
phf.o
-lcrypt
-o
phf

/home/vagrant/go/src/github.com/SRI-CSL/gllvm/examples/thttpd/thttpd-2.27/extras
clang
-O
-DHAVE__PROGNAME=1
-DHAVE_FCNTL_H=1
-DHAVE_GRP_H=1
-DHAVE_MEMORY_H=1
-DHAVE_PATHS_H=1
-DHAVE_POLL_H=1
-DHAVE_SYS_POLL_H=1
-DTIME_WITH_SYS_TIME=1
-DHAVE_DIRENT_H=1
-DHAVE_LIBCRYPT=1
-DHAVE_STRERROR=1
-DHAVE_WAITPID=1
-DHAVE_VSNPRINTF=1
-DHAVE_DAEMON=1
-DHAVE_SETSID=1
-DHAVE_GETADDRINFO=1
-DHAVE_GETNAMEINFO=1
-DHAVE_GAI_STRERROR=1
-DHAVE_SIGSET=1
-DHAVE_ATOLL=1
-DHAVE_UNISTD_H=1
-DHAVE_GETPAGESIZE=1
-DHAVE_MMAP=1
-DHAVE_SELECT=1
-DHAVE_POLL=1
-DHAVE_TM_GMTOFF=1
-DHAVE_INT64T=1
-DHAVE_SOCKLENT=1
-I..
-DWEBDIR="/usr/local/www"
-c
makeweb.c

/home/vagrant/go/src/github.com/SRI-CSL/gllvm/examples/thttpd/thttpd-2.27/extras
clang
makeweb.o
-o
makeweb
-lcrypt

/home/vagrant/go/src/github.com/SRI-CSL/gllvm/examples/thttpd/thttpd-2.27/extras
clang
-O
-DHAVE__PROGNAME=1
-DHAVE_FCNTL_H=1
-DHAVE_GRP_H=1
-DHAVE_MEMORY_H=1
-DHAVE_PATHS_H=1
-DHAVE_POLL_H=1
-DHAVE_SYS_POLL_H=1
-DTIME_WITH_SYS_TIME=1
-DHAVE_DIRENT_H=1
-DHAVE_LIBCRYPT=1
-DHAVE_STRERROR=1
-DHAVE_WAITPID=1
-DHAVE_VSNPRINTF=1
-DHAVE_DAEMON=1
-DHAVE_SETSID=1
-DHAVE_GETADDRINFO=1
-DHAVE_GETNAMEINFO=1
-DHAVE_GAI_STRERROR=1
-DHAVE_SIGSET=1
-DHAVE_ATOLL=1
-DHAVE_UNISTD_H=1
-DHAVE_GETPAGESIZE=1
-DHAVE_MMAP=1
-DHAVE_SELECT=1
-DHAVE_POLL=1
-DHAVE_TM_GMTOFF=1
-DHAVE_INT64T=1
-DHAVE_SOCKLENT=1
-I..
-DWEBDIR="/usr/local/www"
-c
htpasswd.c

/home/vagrant/go/src/github.com/SRI-CSL/gllvm/examples/thttpd/thttpd-2.27/extras
clang
htpasswd.o
-o
htpasswd
-lcrypt

